ocamlc  -c ocs_error.ml
ocamlc  -c ocs_port.mli
ocamlc  -c ocs_port.ml
ocamlc  -c ocs_vartable.mli
ocamlc  -c ocs_vartable.ml
ocamlc  -c ocs_types.mli
ocamlc  -c ocs_sym.mli
ocamlc  -c ocs_sym.ml
ocamlc  -c ocs_env.mli
ocamlc  -c ocs_env.ml
ocamlc  -c ocs_char.mli
ocamlc  -c ocs_char.ml
ocamlc  -c ocs_complex.mli
ocamlc  -c ocs_complex.ml
ocamlc  -c ocs_numaux.mli
ocamlc  -c ocs_numaux.ml
ocamlc  -c ocs_num.mli
ocamlc  -c ocs_num.ml
ocamlc  -c ocs_numstr.mli
ocamlc  -c ocs_numstr.ml
ocamlc  -c ocs_lex.mli
ocamlc  -c ocs_lex.ml
ocamlc  -c ocs_misc.mli
ocamlc  -c ocs_misc.ml
ocamlc  -c ocs_read.mli
ocamlc  -c ocs_read.ml
ocamlc  -c ocs_eval.mli
ocamlc  -c ocs_eval.ml
ocamlc  -c ocs_compile.mli
ocamlc  -c ocs_compile.ml
ocamlc  -c ocs_contin.mli
ocamlc  -c ocs_contin.ml
ocamlc  -c ocs_print.mli
ocamlc  -c ocs_print.ml
ocamlc  -c ocs_io.mli
ocamlc  -c ocs_io.ml
ocamlc  -c ocs_list.mli
ocamlc  -c ocs_list.ml
ocamlc  -c ocs_macro.mli
ocamlc  -c ocs_macro.ml
ocamlc  -c ocs_prim.mli
ocamlc  -c ocs_prim.ml
ocamlc  -c ocs_string.mli
ocamlc  -c ocs_string.ml
ocamlc  -c ocs_vector.mli
ocamlc  -c ocs_vector.ml
ocamlc  -c ocs_wrap.ml
ocamlc  -c ocs_top.mli
ocamlc  -c ocs_top.ml
ocamlc -a -o ocs.cma ocs_error.cmo ocs_port.cmo ocs_vartable.cmo ocs_sym.cmo ocs_env.cmo ocs_char.cmo ocs_complex.cmo ocs_numaux.cmo ocs_num.cmo ocs_numstr.cmo ocs_lex.cmo ocs_misc.cmo ocs_read.cmo ocs_eval.cmo ocs_compile.cmo ocs_contin.cmo ocs_print.cmo ocs_io.cmo ocs_list.cmo ocs_macro.cmo ocs_prim.cmo ocs_string.cmo ocs_vector.cmo ocs_wrap.cmo ocs_top.cmo
ocamlopt  -c ocs_error.ml
ocamlopt  -c ocs_sym.ml
ocamlopt  -c ocs_vartable.ml
ocamlopt  -c ocs_env.ml
ocamlopt  -c ocs_char.ml
ocamlopt  -c ocs_misc.ml
ocamlopt  -c ocs_compile.ml
ocamlopt  -c ocs_eval.ml
ocamlopt  -c ocs_contin.ml
ocamlopt  -c ocs_port.ml
ocamlopt  -c ocs_complex.ml
ocamlopt  -c ocs_numaux.ml
ocamlopt  -c ocs_num.ml
ocamlopt  -c ocs_numstr.ml
ocamlopt  -c ocs_print.ml
ocamlopt  -c ocs_lex.ml
ocamlopt  -c ocs_read.ml
ocamlopt  -c ocs_io.ml
ocamlopt  -c ocs_list.ml
ocamlopt  -c ocs_macro.ml
ocamlopt  -c ocs_prim.ml
ocamlopt  -c ocs_string.ml
ocamlopt  -c ocs_vector.ml
ocamlopt  -c ocs_wrap.ml
ocamlopt  -c ocs_top.ml
ocamlopt -a -o ocs.cmxa ocs_error.cmx ocs_sym.cmx ocs_vartable.cmx ocs_env.cmx ocs_char.cmx ocs_misc.cmx ocs_compile.cmx ocs_eval.cmx ocs_contin.cmx ocs_port.cmx ocs_complex.cmx ocs_numaux.cmx ocs_num.cmx ocs_numstr.cmx ocs_print.cmx ocs_lex.cmx ocs_read.cmx ocs_io.cmx ocs_list.cmx ocs_macro.cmx ocs_prim.cmx ocs_string.cmx ocs_vector.cmx ocs_wrap.cmx ocs_top.cmx
ocamlopt  -c ocs_main.ml
ocamlopt -o ocscm nums.cmxa unix.cmxa ocs.cmxa ocs_main.cmx
